<?xml version="1.0" encoding="UTF-8"?>
<!-- Generated by org.testng.reporters.JUnitReportReporter -->
<testsuite hostname="ASDP1534PO01976" name="com.qainfotech.in.HelloWorld.NewTest" tests="1" failures="0" timestamp="19 Jul 2018 04:52:42 GMT" time="6.731" errors="0">
  <testcase name="Krishna" time="6.731" classname="com.qainfotech.in.HelloWorld.NewTest"/>
</testsuite> <!-- com.qainfotech.in.HelloWorld.NewTest -->
