<?xml version="1.0" encoding="UTF-8"?>
<!-- Generated by org.testng.reporters.JUnitReportReporter -->
<testsuite hostname="ASDP1534PO01976" name="com.qainfotech.in.HelloWorld.AppTest" tests="1" failures="0" timestamp="19 Jul 2018 04:52:42 GMT" time="0.001" errors="0">
  <testcase name="testApp" time="0.001" classname="com.qainfotech.in.HelloWorld.AppTest"/>
</testsuite> <!-- com.qainfotech.in.HelloWorld.AppTest -->
