<?xml version="1.0" encoding="UTF-8"?>
<!-- Generated by org.testng.reporters.JUnitReportReporter -->
<testsuite skipped="0" hostname="ASDP1534PO01976" name="com.qainfotech.in.HelloWorld.KrishnaSeleniumGrid" tests="1" failures="0" timestamp="22 Jan 2019 11:40:17 GMT" time="3.177" errors="0">
  <testcase name="LaunchApplication" time="3.177" classname="com.qainfotech.in.HelloWorld.KrishnaSeleniumGrid"/>
</testsuite> <!-- com.qainfotech.in.HelloWorld.KrishnaSeleniumGrid -->
