<?xml version="1.0" encoding="UTF-8"?>
<!-- Generated by org.testng.reporters.JUnitReportReporter -->
<testsuite skipped="0" hostname="ASDP1534PO01976" name="com.qainfotech.in.HelloWorld.NewTest" tests="1" failures="0" timestamp="10 Jul 2018 06:51:38 GMT" time="0.007" errors="0">
  <testcase name="Krishna" time="0.007" classname="com.qainfotech.in.HelloWorld.NewTest"/>
</testsuite> <!-- com.qainfotech.in.HelloWorld.NewTest -->
